<?xml version="1.0" encoding="UTF-8"?>
<!-- Generated by org.testng.reporters.JUnitReportReporter -->
<testsuite hostname="SEZ-DESK-113" name="testCases.gmailLoginTC" tests="1" failures="0" timestamp="9 Oct 2018 07:21:13 GMT" time="32.136" errors="0">
  <testcase name="Login" time="32.136" classname="testCases.gmailLoginTC"/>
</testsuite> <!-- testCases.gmailLoginTC -->
